<?xml version="1.0" encoding="UTF-8"?>
<testsuite name="com.springarduino.demo.DemoApplicationTests" tests="1" skipped="0" failures="0" errors="0" timestamp="2021-04-07T13:19:02" hostname="DESKTOP-009DOII" time="0.357">
  <properties/>
  <testcase name="contextLoads()" classname="com.springarduino.demo.DemoApplicationTests" time="0.357"/>
  <system-out><![CDATA[22:18:50.100 [Test worker] DEBUG org.springframework.test.context.BootstrapUtils - Instantiating CacheAwareContextLoaderDelegate from class [org.springframework.test.context.cache.DefaultCacheAwareContextLoaderDelegate]
22:18:50.125 [Test worker] DEBUG org.springframework.test.context.BootstrapUtils - Instantiating BootstrapContext using constructor [public org.springframework.test.context.support.DefaultBootstrapContext(java.lang.Class,org.springframework.test.context.CacheAwareContextLoaderDelegate)]
22:18:50.164 [Test worker] DEBUG org.springframework.test.context.BootstrapUtils - Instantiating TestContextBootstrapper for test class [com.springarduino.demo.DemoApplicationTests] from class [org.springframework.boot.test.context.SpringBootTestContextBootstrapper]
22:18:50.173 [Test worker] INFO org.springframework.boot.test.context.SpringBootTestContextBootstrapper - Neither @ContextConfiguration nor @ContextHierarchy found for test class [com.springarduino.demo.DemoApplicationTests], using SpringBootContextLoader
22:18:50.180 [Test worker] DEBUG org.springframework.test.context.support.AbstractContextLoader - Did not detect default resource location for test class [com.springarduino.demo.DemoApplicationTests]: class path resource [com/springarduino/demo/DemoApplicationTests-context.xml] does not exist
22:18:50.184 [Test worker] DEBUG org.springframework.test.context.support.AbstractContextLoader - Did not detect default resource location for test class [com.springarduino.demo.DemoApplicationTests]: class path resource [com/springarduino/demo/DemoApplicationTestsContext.groovy] does not exist
22:18:50.184 [Test worker] INFO org.springframework.test.context.support.AbstractContextLoader - Could not detect default resource locations for test class [com.springarduino.demo.DemoApplicationTests]: no resource found for suffixes {-context.xml, Context.groovy}.
22:18:50.185 [Test worker] INFO org.springframework.test.context.support.AnnotationConfigContextLoaderUtils - Could not detect default configuration classes for test class [com.springarduino.demo.DemoApplicationTests]: DemoApplicationTests does not declare any static, non-private, non-final, nested classes annotated with @Configuration.
22:18:50.234 [Test worker] DEBUG org.springframework.test.context.support.ActiveProfilesUtils - Could not find an 'annotation declaring class' for annotation type [org.springframework.test.context.ActiveProfiles] and class [com.springarduino.demo.DemoApplicationTests]
22:18:50.313 [Test worker] DEBUG org.springframework.context.annotation.ClassPathScanningCandidateComponentProvider - Identified candidate component class: file [C:\Users\leebr\Desktop\springarduino\build\classes\java\main\com\springarduino\SpringArduinoApplication.class]
22:18:50.335 [Test worker] INFO org.springframework.boot.test.context.SpringBootTestContextBootstrapper - Found @SpringBootConfiguration com.springarduino.SpringArduinoApplication for test class com.springarduino.demo.DemoApplicationTests
22:18:50.459 [Test worker] DEBUG org.springframework.boot.test.context.SpringBootTestContextBootstrapper - @TestExecutionListeners is not present for class [com.springarduino.demo.DemoApplicationTests]: using defaults.
22:18:50.459 [Test worker] INFO org.springframework.boot.test.context.SpringBootTestContextBootstrapper - Loaded default TestExecutionListener class names from location [META-INF/spring.factories]: [org.springframework.boot.test.autoconfigure.restdocs.RestDocsTestExecutionListener, org.springframework.boot.test.autoconfigure.web.client.MockRestServiceServerResetTestExecutionListener, org.springframework.boot.test.autoconfigure.web.servlet.MockMvcPrintOnlyOnFailureTestExecutionListener, org.springframework.boot.test.autoconfigure.web.servlet.WebDriverTestExecutionListener, org.springframework.boot.test.autoconfigure.webservices.client.MockWebServiceServerTestExecutionListener, org.springframework.boot.test.mock.mockito.MockitoTestExecutionListener, org.springframework.boot.test.mock.mockito.ResetMocksTestExecutionListener, org.springframework.test.context.web.ServletTestExecutionListener, org.springframework.test.context.support.DirtiesContextBeforeModesTestExecutionListener, org.springframework.test.context.event.ApplicationEventsTestExecutionListener, org.springframework.test.context.support.DependencyInjectionTestExecutionListener, org.springframework.test.context.support.DirtiesContextTestExecutionListener, org.springframework.test.context.transaction.TransactionalTestExecutionListener, org.springframework.test.context.jdbc.SqlScriptsTestExecutionListener, org.springframework.test.context.event.EventPublishingTestExecutionListener]
22:18:50.471 [Test worker] DEBUG org.springframework.boot.test.context.SpringBootTestContextBootstrapper - Skipping candidate TestExecutionListener [org.springframework.test.context.transaction.TransactionalTestExecutionListener] due to a missing dependency. Specify custom listener classes or make the default listener classes and their required dependencies available. Offending class: [org/springframework/transaction/interceptor/TransactionAttributeSource]
22:18:50.475 [Test worker] DEBUG org.springframework.boot.test.context.SpringBootTestContextBootstrapper - Skipping candidate TestExecutionListener [org.springframework.test.context.jdbc.SqlScriptsTestExecutionListener] due to a missing dependency. Specify custom listener classes or make the default listener classes and their required dependencies available. Offending class: [org/springframework/transaction/interceptor/TransactionAttribute]
22:18:50.476 [Test worker] INFO org.springframework.boot.test.context.SpringBootTestContextBootstrapper - Using TestExecutionListeners: [org.springframework.test.context.web.ServletTestExecutionListener@65ce02ee, org.springframework.test.context.support.DirtiesContextBeforeModesTestExecutionListener@6764efe9, org.springframework.test.context.event.ApplicationEventsTestExecutionListener@550a486, org.springframework.boot.test.mock.mockito.MockitoTestExecutionListener@157cd87, org.springframework.boot.test.autoconfigure.SpringBootDependencyInjectionTestExecutionListener@141b6631, org.springframework.test.context.support.DirtiesContextTestExecutionListener@54c0c8fc, org.springframework.test.context.event.EventPublishingTestExecutionListener@54b42276, org.springframework.boot.test.autoconfigure.restdocs.RestDocsTestExecutionListener@6b30e692, org.springframework.boot.test.autoconfigure.web.client.MockRestServiceServerResetTestExecutionListener@24553f2b, org.springframework.boot.test.autoconfigure.web.servlet.MockMvcPrintOnlyOnFailureTestExecutionListener@76808475, org.springframework.boot.test.autoconfigure.web.servlet.WebDriverTestExecutionListener@3d2af41, org.springframework.boot.test.autoconfigure.webservices.client.MockWebServiceServerTestExecutionListener@6fbadddf, org.springframework.boot.test.mock.mockito.ResetMocksTestExecutionListener@621b1b64]
22:18:50.478 [Test worker] DEBUG org.springframework.test.context.support.AbstractDirtiesContextTestExecutionListener - Before test class: context [DefaultTestContext@ef09b47 testClass = DemoApplicationTests, testInstance = [null], testMethod = [null], testException = [null], mergedContextConfiguration = [WebMergedContextConfiguration@7311f46e testClass = DemoApplicationTests, locations = '{}', classes = '{class com.springarduino.SpringArduinoApplication}', contextInitializerClasses = '[]', activeProfiles = '{}', propertySourceLocations = '{}', propertySourceProperties = '{org.springframework.boot.test.context.SpringBootTestContextBootstrapper=true}', contextCustomizers = set[org.springframework.boot.test.autoconfigure.actuate.metrics.MetricsExportContextCustomizerFactory$DisableMetricExportContextCustomizer@1e4576ea, org.springframework.boot.test.autoconfigure.properties.PropertyMappingContextCustomizer@0, org.springframework.boot.test.autoconfigure.web.servlet.WebDriverContextCustomizerFactory$Customizer@18bcf348, org.springframework.boot.test.context.filter.ExcludeFilterContextCustomizer@68d48831, org.springframework.boot.test.json.DuplicateJsonObjectContextCustomizerFactory$DuplicateJsonObjectContextCustomizer@61199788, org.springframework.boot.test.mock.mockito.MockitoContextCustomizer@0, org.springframework.boot.test.web.client.TestRestTemplateContextCustomizer@264aa470, org.springframework.boot.test.context.SpringBootTestArgs@1, org.springframework.boot.test.context.SpringBootTestWebEnvironment@6abc99d9], resourceBasePath = 'src/main/webapp', contextLoader = 'org.springframework.boot.test.context.SpringBootContextLoader', parent = [null]], attributes = map['org.springframework.test.context.web.ServletTestExecutionListener.activateListener' -> true]], class annotated with @DirtiesContext [false] with mode [null].
22:18:50.533 [Test worker] DEBUG org.springframework.test.context.support.TestPropertySourceUtils - Adding inlined properties to environment: {spring.jmx.enabled=false, org.springframework.boot.test.context.SpringBootTestContextBootstrapper=true}

  .   ____          _            __ _ _
 /\\ / ___'_ __ _ _(_)_ __  __ _ \ \ \ \
( ( )\___ | '_ | '_| | '_ \/ _` | \ \ \ \
 \\/  ___)| |_)| | | | | || (_| |  ) ) ) )
  '  |____| .__|_| |_|_| |_\__, | / / / /
 =========|_|==============|___/=/_/_/_/
 :: Spring Boot ::                (v2.4.4)

2021-04-07 22:18:50.838  INFO 23776 --- [    Test worker] c.s.demo.DemoApplicationTests            : Starting DemoApplicationTests using Java 11.0.10 on DESKTOP-009DOII with PID 23776 (started by leebr in C:\Users\leebr\Desktop\springarduino)
2021-04-07 22:18:50.838  INFO 23776 --- [    Test worker] c.s.demo.DemoApplicationTests            : No active profile set, falling back to default profiles: default
2021-04-07 22:18:51.508  INFO 23776 --- [    Test worker] com.springarduino.ArduinoConnection      : ArduinoConnection PostConstruct callback: connecting to Arduino...
2021-04-07 22:18:51.510  INFO 23776 --- [    Test worker] gnu.io.CommPortIdentifier                : CommPortIdentifier:static initialization(), OS: Windows 10, arch: amd64
2021-04-07 22:18:51.510  INFO 23776 --- [    Test worker] gnu.io.CommPortIdentifier                : Load the driver.
2021-04-07 22:18:51.514  INFO 23776 --- [    Test worker] gnu.io.RXTXCommDriver                    : RXTXCommDriver : static initializer.
2021-04-07 22:18:51.515  INFO 23776 --- [    Test worker] gnu.io.SerialManager                     : Load native library.
2021-04-07 22:18:51.516  INFO 23776 --- [    Test worker] gnu.io.NativeResource                    : Load lib: NRJavaSerial
2021-04-07 22:18:51.516  INFO 23776 --- [    Test worker] gnu.io.NativeResource                    : Loading from file: /native/windows/x86_64/libNRJavaSerial.dll
2021-04-07 22:18:51.519  INFO 23776 --- [    Test worker] gnu.io.NativeResource                    : Copy resources to: C:\Users\leebr\AppData\Local\Temp\libNRJavaSerial_leebr_1\libNRJavaSerial.dll
2021-04-07 22:18:51.526  INFO 23776 --- [    Test worker] gnu.io.NativeResource                    : Load resource from absolute path: C:\Users\leebr\AppData\Local\Temp\libNRJavaSerial_leebr_1\libNRJavaSerial.dll
2021-04-07 22:18:51.532  INFO 23776 --- [    Test worker] gnu.io.CommPortIdentifier                : static CommPortIdentifier:getPortIdentifiers()
2021-04-07 22:18:51.532  INFO 23776 --- [    Test worker] gnu.io.RXTXCommDriver                    : RXTXCommDriver:initialize(), osName: Windows 10
2021-04-07 22:18:51.533  INFO 23776 --- [    Test worker] gnu.io.RXTXCommDriver                    : scanning device directory //./ for ports of type 1
2021-04-07 22:18:56.932  INFO 23776 --- [    Test worker] gnu.io.RXTXCommDriver                    : RXTXCommDriver:initialize(), osName: Windows 10
2021-04-07 22:18:56.932  INFO 23776 --- [    Test worker] gnu.io.RXTXCommDriver                    : scanning device directory //./ for ports of type 1
2021-04-07 22:19:02.177  INFO 23776 --- [    Test worker] gnu.io.CommPortIdentifier                : Have not implemented native_psmisc_report_owner(PortName)); in CommPortIdentifier
2021-04-07 22:19:02.177  INFO 23776 --- [    Test worker] gnu.io.RXTXCommDriver                    : RXTXCommDriver:getCommPort(COM6,1)
2021-04-07 22:19:02.203  WARN 23776 --- [    Test worker] gnu.io.RXTXCommDriver                    : Port COM6 in use by another application
2021-04-07 22:19:02.614  INFO 23776 --- [    Test worker] o.s.s.concurrent.ThreadPoolTaskExecutor  : Initializing ExecutorService 'applicationTaskExecutor'
2021-04-07 22:19:02.888  INFO 23776 --- [    Test worker] c.s.demo.DemoApplicationTests            : Started DemoApplicationTests in 12.349 seconds (JVM running for 13.947)
]]></system-out>
  <system-err><![CDATA[This is a bug, passed the ownership test above: Unknown Application
]]></system-err>
</testsuite>
